<?xml version="1.0" encoding="UTF-8"?>
<!-- Generated by org.testng.reporters.JUnitReportReporter -->
<testsuite skipped="0" hostname="Nitya" name="com.qa.opencart.tests.LoginTest" tests="4" failures="0" timestamp="05 Apr 2023 16:57:41 GMT" time="2.693" errors="0">
  <testcase name="openCartLoginTest" time="0.219" classname="com.qa.opencart.tests.LoginTest"/>
  <testcase name="openCartLoginPageUrlTest" time="0.079" classname="com.qa.opencart.tests.LoginTest"/>
  <testcase name="isForgotPasswordLinkExists" time="0.219" classname="com.qa.opencart.tests.LoginTest"/>
  <testcase name="doLogin" time="2.176" classname="com.qa.opencart.tests.LoginTest"/>
</testsuite> <!-- com.qa.opencart.tests.LoginTest -->
