<?xml version="1.0" encoding="UTF-8"?>
<!-- Generated by org.testng.reporters.JUnitReportReporter -->
<testsuite skipped="0" hostname="Nitya" name="com.qa.opencart.tests.AccountPageTest" tests="10" failures="0" timestamp="07 May 2023 16:48:17 GMT" time="12.398" errors="0">
  <testcase name="accountPageTitleTest" time="0.034" classname="com.qa.opencart.tests.AccountPageTest"/>
  <testcase name="accountPageUrlTest" time="0.026" classname="com.qa.opencart.tests.AccountPageTest"/>
  <testcase name="isSearchBarExistTest" time="0.060" classname="com.qa.opencart.tests.AccountPageTest"/>
  <testcase name="accPageHeadersTest" time="0.149" classname="com.qa.opencart.tests.AccountPageTest"/>
  <testcase name="searchCheckTest" time="1.371" classname="com.qa.opencart.tests.AccountPageTest"/>
  <testcase name="searchCheckTest" time="1.400" classname="com.qa.opencart.tests.AccountPageTest"/>
  <testcase name="searchCheckTest" time="1.327" classname="com.qa.opencart.tests.AccountPageTest"/>
  <testcase name="searchTest" time="3.471" classname="com.qa.opencart.tests.AccountPageTest"/>
  <testcase name="searchTest" time="2.180" classname="com.qa.opencart.tests.AccountPageTest"/>
  <testcase name="searchTest" time="2.380" classname="com.qa.opencart.tests.AccountPageTest"/>
</testsuite> <!-- com.qa.opencart.tests.AccountPageTest -->
