<?xml version="1.0" encoding="UTF-8"?>
<!-- Generated by org.testng.reporters.JUnitReportReporter -->
<testsuite skipped="0" hostname="Nitya" name="com.qa.opencart.tests.ProductPageTest" tests="8" failures="0" timestamp="07 May 2023 16:48:17 GMT" time="20.924" errors="0">
  <testcase name="productHeaderTest" time="2.578" classname="com.qa.opencart.tests.ProductPageTest"/>
  <testcase name="productHeaderTest" time="3.610" classname="com.qa.opencart.tests.ProductPageTest"/>
  <testcase name="productHeaderTest" time="2.908" classname="com.qa.opencart.tests.ProductPageTest"/>
  <testcase name="getProductImageCountTest" time="2.960" classname="com.qa.opencart.tests.ProductPageTest"/>
  <testcase name="getProductImageCountTest" time="2.385" classname="com.qa.opencart.tests.ProductPageTest"/>
  <testcase name="getProductImageCountTest" time="2.093" classname="com.qa.opencart.tests.ProductPageTest"/>
  <testcase name="productMetaDataTest" time="2.160" classname="com.qa.opencart.tests.ProductPageTest"/>
  <testcase name="productPriceMetaDataTest" time="2.230" classname="com.qa.opencart.tests.ProductPageTest"/>
</testsuite> <!-- com.qa.opencart.tests.ProductPageTest -->
