<?xml version="1.0" encoding="UTF-8"?>
<!-- Generated by org.testng.reporters.JUnitReportReporter -->
<testsuite skipped="0" hostname="Nitya" name="com.qa.opencart.tests.RegisterTest" tests="11" failures="0" timestamp="31 Mar 2023 05:03:21 GMT" time="124.634" errors="0">
  <testcase name="registerUserTest" time="10.055" classname="com.qa.opencart.tests.RegisterTest"/>
  <testcase name="registerUserTest" time="10.136" classname="com.qa.opencart.tests.RegisterTest"/>
  <testcase name="registerUserTest" time="10.192" classname="com.qa.opencart.tests.RegisterTest"/>
  <testcase name="registerUserTest" time="10.254" classname="com.qa.opencart.tests.RegisterTest"/>
  <testcase name="registerUserTest" time="10.247" classname="com.qa.opencart.tests.RegisterTest"/>
  <testcase name="registerUserTest" time="9.969" classname="com.qa.opencart.tests.RegisterTest"/>
  <testcase name="registerUserTest" time="20.039" classname="com.qa.opencart.tests.RegisterTest"/>
  <testcase name="registerUserTest" time="13.398" classname="com.qa.opencart.tests.RegisterTest"/>
  <testcase name="registerUserTest" time="10.052" classname="com.qa.opencart.tests.RegisterTest"/>
  <testcase name="registerUserTest" time="10.011" classname="com.qa.opencart.tests.RegisterTest"/>
  <testcase name="registerUserTest" time="10.281" classname="com.qa.opencart.tests.RegisterTest"/>
</testsuite> <!-- com.qa.opencart.tests.RegisterTest -->
