<?xml version="1.0" encoding="UTF-8"?>
<!-- Generated by org.testng.reporters.JUnitReportReporter -->
<testsuite skipped="0" hostname="Nitya" name="com.qa.opencart.tests.LoginTest" tests="4" failures="0" timestamp="27 Mar 2023 16:33:26 GMT" time="1.890" errors="0">
  <testcase name="openCartLoginTest" time="0.026" classname="com.qa.opencart.tests.LoginTest"/>
  <testcase name="openCartLoginPageUrlTest" time="0.021" classname="com.qa.opencart.tests.LoginTest"/>
  <testcase name="isForgotPasswordLinkExists" time="0.081" classname="com.qa.opencart.tests.LoginTest"/>
  <testcase name="doLogin" time="1.762" classname="com.qa.opencart.tests.LoginTest"/>
</testsuite> <!-- com.qa.opencart.tests.LoginTest -->
