<?xml version="1.0" encoding="UTF-8"?>
<!-- Generated by org.testng.reporters.JUnitReportReporter -->
<testsuite skipped="0" hostname="Nitya" name="com.qa.opencart.tests.RegisterTest" tests="11" failures="0" timestamp="18 Apr 2023 16:36:49 GMT" time="49.328" errors="0">
  <testcase name="registerUserTest" time="4.846" classname="com.qa.opencart.tests.RegisterTest"/>
  <testcase name="registerUserTest" time="4.544" classname="com.qa.opencart.tests.RegisterTest"/>
  <testcase name="registerUserTest" time="4.296" classname="com.qa.opencart.tests.RegisterTest"/>
  <testcase name="registerUserTest" time="4.758" classname="com.qa.opencart.tests.RegisterTest"/>
  <testcase name="registerUserTest" time="4.437" classname="com.qa.opencart.tests.RegisterTest"/>
  <testcase name="registerUserTest" time="4.280" classname="com.qa.opencart.tests.RegisterTest"/>
  <testcase name="registerUserTest" time="4.398" classname="com.qa.opencart.tests.RegisterTest"/>
  <testcase name="registerUserTest" time="4.539" classname="com.qa.opencart.tests.RegisterTest"/>
  <testcase name="registerUserTest" time="4.443" classname="com.qa.opencart.tests.RegisterTest"/>
  <testcase name="registerUserTest" time="4.364" classname="com.qa.opencart.tests.RegisterTest"/>
  <testcase name="registerUserTest" time="4.423" classname="com.qa.opencart.tests.RegisterTest"/>
</testsuite> <!-- com.qa.opencart.tests.RegisterTest -->
