<?xml version="1.0" encoding="UTF-8"?>
<!-- Generated by org.testng.reporters.JUnitReportReporter -->
<testsuite skipped="0" hostname="Nitya" name="com.qa.opencart.tests.RegisterTest" tests="11" failures="0" timestamp="05 Apr 2023 16:28:23 GMT" time="47.357" errors="0">
  <testcase name="registerUserTest" time="3.671" classname="com.qa.opencart.tests.RegisterTest"/>
  <testcase name="registerUserTest" time="3.890" classname="com.qa.opencart.tests.RegisterTest"/>
  <testcase name="registerUserTest" time="4.569" classname="com.qa.opencart.tests.RegisterTest"/>
  <testcase name="registerUserTest" time="5.070" classname="com.qa.opencart.tests.RegisterTest"/>
  <testcase name="registerUserTest" time="4.393" classname="com.qa.opencart.tests.RegisterTest"/>
  <testcase name="registerUserTest" time="4.669" classname="com.qa.opencart.tests.RegisterTest"/>
  <testcase name="registerUserTest" time="3.882" classname="com.qa.opencart.tests.RegisterTest"/>
  <testcase name="registerUserTest" time="3.588" classname="com.qa.opencart.tests.RegisterTest"/>
  <testcase name="registerUserTest" time="3.572" classname="com.qa.opencart.tests.RegisterTest"/>
  <testcase name="registerUserTest" time="4.547" classname="com.qa.opencart.tests.RegisterTest"/>
  <testcase name="registerUserTest" time="5.506" classname="com.qa.opencart.tests.RegisterTest"/>
</testsuite> <!-- com.qa.opencart.tests.RegisterTest -->
