<?xml version="1.0" encoding="UTF-8"?>
<!-- Generated by org.testng.reporters.JUnitReportReporter -->
<testsuite skipped="0" hostname="Nitya" name="com.qa.opencart.InterviewQuestions.NewTabDemo" tests="1" failures="0" timestamp="19 Apr 2023 16:55:09 GMT" time="38.787" errors="0">
  <testcase name="newTabTest" time="38.787" classname="com.qa.opencart.InterviewQuestions.NewTabDemo"/>
</testsuite> <!-- com.qa.opencart.InterviewQuestions.NewTabDemo -->
