<?xml version="1.0" encoding="UTF-8"?>
<!-- Generated by org.testng.reporters.JUnitReportReporter -->
<testsuite skipped="0" hostname="Nitya" name="com.qa.opencart.tests.LoginTest" tests="4" failures="0" timestamp="05 Apr 2023 16:44:18 GMT" time="2.110" errors="0">
  <testcase name="openCartLoginTest" time="0.046" classname="com.qa.opencart.tests.LoginTest"/>
  <testcase name="openCartLoginPageUrlTest" time="0.027" classname="com.qa.opencart.tests.LoginTest"/>
  <testcase name="isForgotPasswordLinkExists" time="0.131" classname="com.qa.opencart.tests.LoginTest"/>
  <testcase name="doLogin" time="1.906" classname="com.qa.opencart.tests.LoginTest"/>
</testsuite> <!-- com.qa.opencart.tests.LoginTest -->
