<?xml version="1.0" encoding="UTF-8"?>
<!-- Generated by org.testng.reporters.JUnitReportReporter -->
<testsuite skipped="0" hostname="Nitya" name="com.qa.opencart.tests.ProductPageTest" tests="8" failures="0" timestamp="04 Apr 2023 16:35:57 GMT" time="46.205" errors="0">
  <testcase name="productHeaderTest" time="12.297" classname="com.qa.opencart.tests.ProductPageTest"/>
  <testcase name="productHeaderTest" time="10.417" classname="com.qa.opencart.tests.ProductPageTest"/>
  <testcase name="productHeaderTest" time="2.996" classname="com.qa.opencart.tests.ProductPageTest"/>
  <testcase name="getProductImageCountTest" time="2.969" classname="com.qa.opencart.tests.ProductPageTest"/>
  <testcase name="getProductImageCountTest" time="2.455" classname="com.qa.opencart.tests.ProductPageTest"/>
  <testcase name="getProductImageCountTest" time="8.542" classname="com.qa.opencart.tests.ProductPageTest"/>
  <testcase name="productMetaDataTest" time="3.576" classname="com.qa.opencart.tests.ProductPageTest"/>
  <testcase name="productPriceMetaDataTest" time="2.953" classname="com.qa.opencart.tests.ProductPageTest"/>
</testsuite> <!-- com.qa.opencart.tests.ProductPageTest -->
