<?xml version="1.0" encoding="UTF-8"?>
<!-- Generated by org.testng.reporters.JUnitReportReporter -->
<testsuite skipped="0" hostname="Nitya" name="com.qa.opencart.InterviewQuestions.HandleAlert" tests="1" failures="0" timestamp="13 May 2023 17:58:29 GMT" time="6.864" errors="0">
  <testcase name="handleAlert" time="6.864" classname="com.qa.opencart.InterviewQuestions.HandleAlert"/>
</testsuite> <!-- com.qa.opencart.InterviewQuestions.HandleAlert -->
