<?xml version="1.0" encoding="UTF-8"?>
<!-- Generated by org.testng.reporters.JUnitReportReporter -->
<testsuite skipped="0" hostname="Nitya" name="com.qa.opencart.tests.ProductPageTest" tests="8" failures="0" timestamp="05 Apr 2023 16:28:23 GMT" time="24.425" errors="0">
  <testcase name="productHeaderTest" time="3.100" classname="com.qa.opencart.tests.ProductPageTest"/>
  <testcase name="productHeaderTest" time="3.041" classname="com.qa.opencart.tests.ProductPageTest"/>
  <testcase name="productHeaderTest" time="4.882" classname="com.qa.opencart.tests.ProductPageTest"/>
  <testcase name="getProductImageCountTest" time="2.397" classname="com.qa.opencart.tests.ProductPageTest"/>
  <testcase name="getProductImageCountTest" time="2.851" classname="com.qa.opencart.tests.ProductPageTest"/>
  <testcase name="getProductImageCountTest" time="2.781" classname="com.qa.opencart.tests.ProductPageTest"/>
  <testcase name="productMetaDataTest" time="2.787" classname="com.qa.opencart.tests.ProductPageTest"/>
  <testcase name="productPriceMetaDataTest" time="2.586" classname="com.qa.opencart.tests.ProductPageTest"/>
</testsuite> <!-- com.qa.opencart.tests.ProductPageTest -->
