<?xml version="1.0" encoding="UTF-8"?>
<!-- Generated by org.testng.reporters.JUnitReportReporter -->
<testsuite skipped="0" hostname="Nitya" name="com.qa.opencart.InterviewQuestions.ScrollToElement" tests="1" failures="0" timestamp="22 May 2023 19:05:26 GMT" time="39.311" errors="0">
  <testcase name="scroll" time="39.311" classname="com.qa.opencart.InterviewQuestions.ScrollToElement"/>
</testsuite> <!-- com.qa.opencart.InterviewQuestions.ScrollToElement -->
