<?xml version="1.0" encoding="UTF-8"?>
<!-- Generated by org.testng.reporters.JUnitReportReporter -->
<testsuite skipped="0" hostname="Nitya" name="com.qa.opencart.tests.Test3" tests="1" failures="0" timestamp="18 Apr 2023 10:54:06 GMT" time="14.821" errors="0">
  <testcase name="actionsTesting" time="14.821" classname="com.qa.opencart.tests.Test3"/>
</testsuite> <!-- com.qa.opencart.tests.Test3 -->
