<?xml version="1.0" encoding="UTF-8"?>
<!-- Generated by org.testng.reporters.JUnitReportReporter -->
<testsuite skipped="0" hostname="Nitya" name="com.qa.opencart.tests.DragAndDropToFrame" tests="1" failures="0" timestamp="03 Jun 2023 19:56:55 GMT" time="13.685" errors="0">
  <testcase name="dragAndDrop" time="13.685" classname="com.qa.opencart.tests.DragAndDropToFrame"/>
</testsuite> <!-- com.qa.opencart.tests.DragAndDropToFrame -->
