<?xml version="1.0" encoding="UTF-8"?>
<!-- Generated by org.testng.reporters.JUnitReportReporter -->
<testsuite skipped="0" hostname="Nitya" name="com.qa.opencart.tests.AccountPageTest" tests="10" failures="0" timestamp="05 Apr 2023 16:57:41 GMT" time="13.783" errors="0">
  <testcase name="accountPageTitleTest" time="0.031" classname="com.qa.opencart.tests.AccountPageTest"/>
  <testcase name="accountPageUrlTest" time="0.026" classname="com.qa.opencart.tests.AccountPageTest"/>
  <testcase name="isSearchBarExistTest" time="0.077" classname="com.qa.opencart.tests.AccountPageTest"/>
  <testcase name="accPageHeadersTest" time="0.140" classname="com.qa.opencart.tests.AccountPageTest"/>
  <testcase name="searchCheckTest" time="1.392" classname="com.qa.opencart.tests.AccountPageTest"/>
  <testcase name="searchCheckTest" time="1.658" classname="com.qa.opencart.tests.AccountPageTest"/>
  <testcase name="searchCheckTest" time="1.546" classname="com.qa.opencart.tests.AccountPageTest"/>
  <testcase name="searchTest" time="3.515" classname="com.qa.opencart.tests.AccountPageTest"/>
  <testcase name="searchTest" time="2.681" classname="com.qa.opencart.tests.AccountPageTest"/>
  <testcase name="searchTest" time="2.717" classname="com.qa.opencart.tests.AccountPageTest"/>
</testsuite> <!-- com.qa.opencart.tests.AccountPageTest -->
