<?xml version="1.0" encoding="UTF-8"?>
<!-- Generated by org.testng.reporters.JUnitReportReporter -->
<testsuite skipped="0" hostname="Nitya" name="com.qa.opencart.tests.AccountPageTest" tests="10" failures="0" timestamp="04 Apr 2023 16:35:57 GMT" time="31.856" errors="0">
  <testcase name="accountPageTitleTest" time="0.036" classname="com.qa.opencart.tests.AccountPageTest"/>
  <testcase name="accountPageUrlTest" time="0.029" classname="com.qa.opencart.tests.AccountPageTest"/>
  <testcase name="isSearchBarExistTest" time="0.060" classname="com.qa.opencart.tests.AccountPageTest"/>
  <testcase name="accPageHeadersTest" time="0.145" classname="com.qa.opencart.tests.AccountPageTest"/>
  <testcase name="searchCheckTest" time="1.876" classname="com.qa.opencart.tests.AccountPageTest"/>
  <testcase name="searchCheckTest" time="7.738" classname="com.qa.opencart.tests.AccountPageTest"/>
  <testcase name="searchCheckTest" time="2.626" classname="com.qa.opencart.tests.AccountPageTest"/>
  <testcase name="searchTest" time="8.830" classname="com.qa.opencart.tests.AccountPageTest"/>
  <testcase name="searchTest" time="4.364" classname="com.qa.opencart.tests.AccountPageTest"/>
  <testcase name="searchTest" time="6.152" classname="com.qa.opencart.tests.AccountPageTest"/>
</testsuite> <!-- com.qa.opencart.tests.AccountPageTest -->
