<?xml version="1.0" encoding="UTF-8"?>
<!-- Generated by org.testng.reporters.JUnitReportReporter -->
<testsuite skipped="0" hostname="Nitya" name="com.qa.opencart.tests.ProductPageTest" tests="8" failures="0" timestamp="27 Mar 2023 16:33:26 GMT" time="28.106" errors="0">
  <testcase name="productHeaderTest" time="10.547" classname="com.qa.opencart.tests.ProductPageTest"/>
  <testcase name="productHeaderTest" time="2.841" classname="com.qa.opencart.tests.ProductPageTest"/>
  <testcase name="productHeaderTest" time="3.334" classname="com.qa.opencart.tests.ProductPageTest"/>
  <testcase name="getProductImageCountTest" time="2.120" classname="com.qa.opencart.tests.ProductPageTest"/>
  <testcase name="getProductImageCountTest" time="2.099" classname="com.qa.opencart.tests.ProductPageTest"/>
  <testcase name="getProductImageCountTest" time="2.389" classname="com.qa.opencart.tests.ProductPageTest"/>
  <testcase name="productMetaDataTest" time="2.542" classname="com.qa.opencart.tests.ProductPageTest"/>
  <testcase name="productPriceMetaDataTest" time="2.234" classname="com.qa.opencart.tests.ProductPageTest"/>
</testsuite> <!-- com.qa.opencart.tests.ProductPageTest -->
