<?xml version="1.0" encoding="UTF-8"?>
<!-- Generated by org.testng.reporters.JUnitReportReporter -->
<testsuite skipped="0" hostname="Nitya" name="com.qa.opencart.tests.LoginTest" tests="4" failures="0" timestamp="25 Mar 2023 07:07:32 GMT" time="32.018" errors="0">
  <testcase name="openCartLoginTest" time="8.405" classname="com.qa.opencart.tests.LoginTest"/>
  <testcase name="openCartLoginPageUrlTest" time="6.056" classname="com.qa.opencart.tests.LoginTest"/>
  <testcase name="isForgotPasswordLinkExists" time="6.600" classname="com.qa.opencart.tests.LoginTest"/>
  <testcase name="doLogin" time="10.957" classname="com.qa.opencart.tests.LoginTest"/>
</testsuite> <!-- com.qa.opencart.tests.LoginTest -->
