<?xml version="1.0" encoding="UTF-8"?>
<!-- Generated by org.testng.reporters.JUnitReportReporter -->
<testsuite skipped="0" hostname="Nitya" name="com.qa.opencart.tests.RegisterTest" tests="11" failures="0" timestamp="05 Apr 2023 16:44:18 GMT" time="49.718" errors="0">
  <testcase name="registerUserTest" time="3.774" classname="com.qa.opencart.tests.RegisterTest"/>
  <testcase name="registerUserTest" time="4.009" classname="com.qa.opencart.tests.RegisterTest"/>
  <testcase name="registerUserTest" time="4.313" classname="com.qa.opencart.tests.RegisterTest"/>
  <testcase name="registerUserTest" time="3.769" classname="com.qa.opencart.tests.RegisterTest"/>
  <testcase name="registerUserTest" time="6.871" classname="com.qa.opencart.tests.RegisterTest"/>
  <testcase name="registerUserTest" time="3.696" classname="com.qa.opencart.tests.RegisterTest"/>
  <testcase name="registerUserTest" time="5.998" classname="com.qa.opencart.tests.RegisterTest"/>
  <testcase name="registerUserTest" time="5.157" classname="com.qa.opencart.tests.RegisterTest"/>
  <testcase name="registerUserTest" time="3.825" classname="com.qa.opencart.tests.RegisterTest"/>
  <testcase name="registerUserTest" time="4.205" classname="com.qa.opencart.tests.RegisterTest"/>
  <testcase name="registerUserTest" time="4.101" classname="com.qa.opencart.tests.RegisterTest"/>
</testsuite> <!-- com.qa.opencart.tests.RegisterTest -->
