<?xml version="1.0" encoding="UTF-8"?>
<!-- Generated by org.testng.reporters.JUnitReportReporter -->
<testsuite skipped="0" hostname="Nitya" name="com.qa.opencart.tests.AccountPageTest" tests="10" failures="0" timestamp="05 Apr 2023 16:44:18 GMT" time="13.650" errors="0">
  <testcase name="accountPageTitleTest" time="0.157" classname="com.qa.opencart.tests.AccountPageTest"/>
  <testcase name="accountPageUrlTest" time="0.025" classname="com.qa.opencart.tests.AccountPageTest"/>
  <testcase name="isSearchBarExistTest" time="0.056" classname="com.qa.opencart.tests.AccountPageTest"/>
  <testcase name="accPageHeadersTest" time="0.111" classname="com.qa.opencart.tests.AccountPageTest"/>
  <testcase name="searchCheckTest" time="1.440" classname="com.qa.opencart.tests.AccountPageTest"/>
  <testcase name="searchCheckTest" time="1.508" classname="com.qa.opencart.tests.AccountPageTest"/>
  <testcase name="searchCheckTest" time="1.591" classname="com.qa.opencart.tests.AccountPageTest"/>
  <testcase name="searchTest" time="2.330" classname="com.qa.opencart.tests.AccountPageTest"/>
  <testcase name="searchTest" time="3.761" classname="com.qa.opencart.tests.AccountPageTest"/>
  <testcase name="searchTest" time="2.671" classname="com.qa.opencart.tests.AccountPageTest"/>
</testsuite> <!-- com.qa.opencart.tests.AccountPageTest -->
