<?xml version="1.0" encoding="UTF-8"?>
<!-- Generated by org.testng.reporters.JUnitReportReporter -->
<testsuite skipped="0" hostname="Nitya" name="com.qa.opencart.tests.ProductPageTest" tests="8" failures="0" timestamp="05 Apr 2023 16:57:41 GMT" time="18.681" errors="0">
  <testcase name="productHeaderTest" time="2.343" classname="com.qa.opencart.tests.ProductPageTest"/>
  <testcase name="productHeaderTest" time="4.485" classname="com.qa.opencart.tests.ProductPageTest"/>
  <testcase name="productHeaderTest" time="2.702" classname="com.qa.opencart.tests.ProductPageTest"/>
  <testcase name="getProductImageCountTest" time="1.819" classname="com.qa.opencart.tests.ProductPageTest"/>
  <testcase name="getProductImageCountTest" time="1.954" classname="com.qa.opencart.tests.ProductPageTest"/>
  <testcase name="getProductImageCountTest" time="1.699" classname="com.qa.opencart.tests.ProductPageTest"/>
  <testcase name="productMetaDataTest" time="1.854" classname="com.qa.opencart.tests.ProductPageTest"/>
  <testcase name="productPriceMetaDataTest" time="1.825" classname="com.qa.opencart.tests.ProductPageTest"/>
</testsuite> <!-- com.qa.opencart.tests.ProductPageTest -->
