<?xml version="1.0" encoding="UTF-8"?>
<!-- Generated by org.testng.reporters.JUnitReportReporter -->
<testsuite skipped="0" hostname="Nitya" name="com.qa.opencart.tests.AccountPageTest" tests="10" failures="0" timestamp="31 Mar 2023 05:03:21 GMT" time="32.541" errors="0">
  <testcase name="accountPageTitleTest" time="0.035" classname="com.qa.opencart.tests.AccountPageTest"/>
  <testcase name="accountPageUrlTest" time="0.037" classname="com.qa.opencart.tests.AccountPageTest"/>
  <testcase name="isSearchBarExistTest" time="0.919" classname="com.qa.opencart.tests.AccountPageTest"/>
  <testcase name="accPageHeadersTest" time="0.147" classname="com.qa.opencart.tests.AccountPageTest"/>
  <testcase name="searchCheckTest" time="3.331" classname="com.qa.opencart.tests.AccountPageTest"/>
  <testcase name="searchCheckTest" time="3.682" classname="com.qa.opencart.tests.AccountPageTest"/>
  <testcase name="searchCheckTest" time="3.420" classname="com.qa.opencart.tests.AccountPageTest"/>
  <testcase name="searchTest" time="9.416" classname="com.qa.opencart.tests.AccountPageTest"/>
  <testcase name="searchTest" time="5.534" classname="com.qa.opencart.tests.AccountPageTest"/>
  <testcase name="searchTest" time="6.020" classname="com.qa.opencart.tests.AccountPageTest"/>
</testsuite> <!-- com.qa.opencart.tests.AccountPageTest -->
