<?xml version="1.0" encoding="UTF-8"?>
<!-- Generated by org.testng.reporters.JUnitReportReporter -->
<testsuite skipped="0" hostname="Nitya" name="com.qa.opencart.tests.RegisterTest" tests="11" failures="0" timestamp="05 Apr 2023 16:57:41 GMT" time="46.802" errors="0">
  <testcase name="registerUserTest" time="3.982" classname="com.qa.opencart.tests.RegisterTest"/>
  <testcase name="registerUserTest" time="3.949" classname="com.qa.opencart.tests.RegisterTest"/>
  <testcase name="registerUserTest" time="4.042" classname="com.qa.opencart.tests.RegisterTest"/>
  <testcase name="registerUserTest" time="3.971" classname="com.qa.opencart.tests.RegisterTest"/>
  <testcase name="registerUserTest" time="3.963" classname="com.qa.opencart.tests.RegisterTest"/>
  <testcase name="registerUserTest" time="5.099" classname="com.qa.opencart.tests.RegisterTest"/>
  <testcase name="registerUserTest" time="4.031" classname="com.qa.opencart.tests.RegisterTest"/>
  <testcase name="registerUserTest" time="4.132" classname="com.qa.opencart.tests.RegisterTest"/>
  <testcase name="registerUserTest" time="4.232" classname="com.qa.opencart.tests.RegisterTest"/>
  <testcase name="registerUserTest" time="5.456" classname="com.qa.opencart.tests.RegisterTest"/>
  <testcase name="registerUserTest" time="3.945" classname="com.qa.opencart.tests.RegisterTest"/>
</testsuite> <!-- com.qa.opencart.tests.RegisterTest -->
